<?xml version="1.0" encoding="UTF-8"?>
<testng-results skipped="0" failed="1" ignored="0" total="1" passed="0">
  <reporter-output>
  </reporter-output>
  <suite name="TAAutomation" duration-ms="33349" started-at="2017-08-21T11:19:28Z" finished-at="2017-08-21T11:20:01Z">
    <groups>
    </groups>
    <test name="Test_1" duration-ms="33349" started-at="2017-08-21T11:19:28Z" finished-at="2017-08-21T11:20:01Z">
      <class name="TestCode.GiftLinksCheck">
        <test-method status="PASS" signature="BaseSetUp()[pri:0, instance:TestCode.GiftLinksCheck@17d0578]" name="BaseSetUp" is-config="true" duration-ms="2260" started-at="2017-08-21T16:49:26Z" finished-at="2017-08-21T16:49:28Z">
          <reporter-output>
          </reporter-output>
        </test-method> <!-- BaseSetUp -->
        <test-method status="PASS" signature="setUp(java.lang.String, java.lang.String)[pri:0, instance:TestCode.GiftLinksCheck@17d0578]" name="setUp" is-config="true" duration-ms="27" started-at="2017-08-21T16:49:28Z" finished-at="2017-08-21T16:49:28Z">
          <params>
            <param index="0">
              <value>
                <![CDATA[Test_3.xlsx]]>
              </value>
            </param>
            <param index="1">
              <value>
                <![CDATA[TopPerf]]>
              </value>
            </param>
          </params>
          <reporter-output>
          </reporter-output>
        </test-method> <!-- setUp -->
        <test-method status="FAIL" signature="topPerformers(java.lang.String, java.lang.String)[pri:0, instance:TestCode.GiftLinksCheck@17d0578]" name="topPerformers" duration-ms="32050" started-at="2017-08-21T16:49:28Z" finished-at="2017-08-21T16:50:00Z">
          <params>
            <param index="0">
              <value>
                <![CDATA[Test_3.xlsx]]>
              </value>
            </param>
            <param index="1">
              <value>
                <![CDATA[TopPerf]]>
              </value>
            </param>
          </params>
          <exception class="java.lang.AssertionError">
            <message>
              <![CDATA[no such window: target window already closed
from unknown error: web view not found
  (Session info: chrome=60.0.3112.101)
  (Driver info: chromedriver=2.29.461591 (62ebf098771772160f391d75e589dc567915b233),platform=Windows NT 10.0.14393 x86_64) (WARNING: The server did not provide any stacktrace information)
Command duration or timeout: 25 milliseconds
Build info: version: '3.4.0', revision: 'unknown', time: 'unknown'
System info: host: 'BAN-DEVARAJLW10', ip: '10.150.128.46', os.name: 'Windows 10', os.arch: 'x86', os.version: '10.0', java.version: '1.8.0_111'
Driver info: org.openqa.selenium.chrome.ChromeDriver
Capabilities [{applicationCacheEnabled=false, rotatable=false, mobileEmulationEnabled=false, networkConnectionEnabled=false, chrome={chromedriverVersion=2.29.461591 (62ebf098771772160f391d75e589dc567915b233), userDataDir=C:\Users\devarajl\AppData\Local\Temp\scoped_dir11276_17447}, takesHeapSnapshot=true, pageLoadStrategy=normal, databaseEnabled=false, handlesAlerts=true, hasTouchScreen=false, version=60.0.3112.101, platform=XP, browserConnectionEnabled=false, nativeEvents=true, acceptSslCerts=true, locationContextEnabled=true, webStorageEnabled=true, browserName=chrome, takesScreenshot=true, javascriptEnabled=true, cssSelectorsEnabled=true, unexpectedAlertBehaviour=}]
Session ID: 4494ee545526648cef59e595f9ac18f7]]>
            </message>
            <full-stacktrace>
              <![CDATA[java.lang.AssertionError: no such window: target window already closed
from unknown error: web view not found
  (Session info: chrome=60.0.3112.101)
  (Driver info: chromedriver=2.29.461591 (62ebf098771772160f391d75e589dc567915b233),platform=Windows NT 10.0.14393 x86_64) (WARNING: The server did not provide any stacktrace information)
Command duration or timeout: 25 milliseconds
Build info: version: '3.4.0', revision: 'unknown', time: 'unknown'
System info: host: 'BAN-DEVARAJLW10', ip: '10.150.128.46', os.name: 'Windows 10', os.arch: 'x86', os.version: '10.0', java.version: '1.8.0_111'
Driver info: org.openqa.selenium.chrome.ChromeDriver
Capabilities [{applicationCacheEnabled=false, rotatable=false, mobileEmulationEnabled=false, networkConnectionEnabled=false, chrome={chromedriverVersion=2.29.461591 (62ebf098771772160f391d75e589dc567915b233), userDataDir=C:\Users\devarajl\AppData\Local\Temp\scoped_dir11276_17447}, takesHeapSnapshot=true, pageLoadStrategy=normal, databaseEnabled=false, handlesAlerts=true, hasTouchScreen=false, version=60.0.3112.101, platform=XP, browserConnectionEnabled=false, nativeEvents=true, acceptSslCerts=true, locationContextEnabled=true, webStorageEnabled=true, browserName=chrome, takesScreenshot=true, javascriptEnabled=true, cssSelectorsEnabled=true, unexpectedAlertBehaviour=}]
Session ID: 4494ee545526648cef59e595f9ac18f7
	at org.testng.Assert.fail(Assert.java:93)
	at TestCode.GiftLinksCheck.topPerformers(GiftLinksCheck.java:197)
	at sun.reflect.NativeMethodAccessorImpl.invoke0(Native Method)
	at sun.reflect.NativeMethodAccessorImpl.invoke(NativeMethodAccessorImpl.java:62)
	at sun.reflect.DelegatingMethodAccessorImpl.invoke(DelegatingMethodAccessorImpl.java:43)
	at java.lang.reflect.Method.invoke(Method.java:498)
	at org.testng.internal.MethodInvocationHelper.invokeMethod(MethodInvocationHelper.java:108)
	at org.testng.internal.Invoker.invokeMethod(Invoker.java:661)
	at org.testng.internal.Invoker.invokeTestMethod(Invoker.java:869)
	at org.testng.internal.Invoker.invokeTestMethods(Invoker.java:1193)
	at org.testng.internal.TestMethodWorker.invokeTestMethods(TestMethodWorker.java:126)
	at org.testng.internal.TestMethodWorker.run(TestMethodWorker.java:109)
	at org.testng.TestRunner.privateRun(TestRunner.java:744)
	at org.testng.TestRunner.run(TestRunner.java:602)
	at org.testng.SuiteRunner.runTest(SuiteRunner.java:380)
	at org.testng.SuiteRunner.access$000(SuiteRunner.java:39)
	at org.testng.SuiteRunner$SuiteWorker.run(SuiteRunner.java:414)
	at org.testng.internal.thread.ThreadUtil$1.call(ThreadUtil.java:52)
	at java.util.concurrent.FutureTask.run(FutureTask.java:266)
	at java.util.concurrent.ThreadPoolExecutor.runWorker(ThreadPoolExecutor.java:1142)
	at java.util.concurrent.ThreadPoolExecutor$Worker.run(ThreadPoolExecutor.java:617)
	at java.lang.Thread.run(Thread.java:745)
]]>
            </full-stacktrace>
          </exception> <!-- java.lang.AssertionError -->
          <reporter-output>
          </reporter-output>
        </test-method> <!-- topPerformers -->
        <test-method status="PASS" signature="tearDown()[pri:0, instance:TestCode.GiftLinksCheck@17d0578]" name="tearDown" is-config="true" duration-ms="41" started-at="2017-08-21T16:50:01Z" finished-at="2017-08-21T16:50:01Z">
          <reporter-output>
          </reporter-output>
        </test-method> <!-- tearDown -->
      </class> <!-- TestCode.GiftLinksCheck -->
    </test> <!-- Test_1 -->
  </suite> <!-- TAAutomation -->
</testng-results>
